2026-01-05 21:44:57,589 [INFO] Cached Location: bethlehem
2026-01-05 21:44:57,590 [INFO] API Handler Initialized.
2026-01-05 21:44:57,590 [INFO] Connecting to API for bethlehem...
2026-01-05 21:44:58,540 [INFO] | JSON Recieved | Data Present and Formatted Correctly |
2026-01-05 21:44:58,540 [INFO] Success with Key ending in ..9M4B
2026-01-05 21:44:58,541 [INFO] Running Report Menu
2026-01-05 21:46:28,064 [WARNING] Invalid input in Report Menu, retrying...
2026-01-05 21:46:30,693 [WARNING] Invalid input in Report Menu, retrying...
2026-01-05 22:05:10,677 [INFO] Simple Analysis Report Generated
2026-01-05 22:05:21,536 [INFO] Simple Analysis Report Generated
2026-01-06 00:32:55,623 [WARNING] Invalid input in Report Menu, retrying...
2026-01-06 00:32:56,132 [WARNING] Invalid input in Report Menu, retrying...
2026-01-06 00:32:56,323 [WARNING] Invalid input in Report Menu, retrying...
2026-01-06 00:32:56,485 [WARNING] Invalid input in Report Menu, retrying...
2026-01-06 00:32:56,651 [WARNING] Invalid input in Report Menu, retrying...
2026-01-06 00:32:58,668 [WARNING] Invalid input in Report Menu, retrying...
2026-01-06 00:33:00,025 [WARNING] Invalid input in Report Menu, retrying...
2026-01-06 00:33:01,257 [INFO] Validated and saved to reporting.csv
2026-01-06 00:33:01,259 [INFO] Validated and saved to reporting.json
2026-01-06 00:33:01,261 [INFO] Validated and saved to reporting.txt
2026-01-06 01:03:41,924 [WARNING] Invalid input in Report Menu, retrying...
2026-01-06 01:03:45,675 [INFO] Simple Analysis Report Generated
2026-01-06 01:03:47,049 [INFO] Detailed Table Report Generated
2026-01-06 01:04:45,301 [WARNING] Invalid input in Report Menu, retrying...
2026-01-06 01:04:51,526 [INFO] Simple Analysis Report Generated
2026-01-06 01:05:00,216 [INFO] Simple Analysis Report Generated
2026-01-06 01:06:28,173 [WARNING] Invalid input in Report Menu, retrying...
