2026-01-06 12:53:52,517 [INFO] Fetched query history for display
2026-01-06 12:53:55,168 [WARNING] Location not found in : asdasdas
2026-01-06 12:53:55,168 [INFO] Fetched query history for display
2026-01-06 13:58:28,898 [INFO] Fetched query history for display
2026-01-06 13:58:46,428 [INFO] Fetched query history for display
2026-01-06 14:01:13,697 [INFO] Fetched query history for display
2026-01-06 14:03:58,859 [INFO] Fetched query history for display
2026-01-06 14:04:06,382 [INFO] Cached Location: Liverpool
2026-01-06 14:04:06,382 [INFO] API Handler Initialized.
2026-01-06 14:04:06,382 [INFO] Connecting to API for location Liverpool...
2026-01-06 14:04:07,194 [INFO] | JSON Recieved | Data Present and Formatted Correctly |
2026-01-06 14:04:07,194 [INFO] Success with Key ending in ..9M4B
2026-01-06 14:04:07,195 [INFO] Running Report Menu
2026-01-06 14:04:08,105 [INFO] User selected option 1 in Report Menu
2026-01-06 14:04:08,105 [INFO] Hourly breakdown available for this date, using hourly data
2026-01-06 14:04:08,109 [INFO] Simple Analysis Report Generated
2026-01-06 14:04:25,058 [INFO] User selected option 4 in Report Menu
2026-01-06 14:04:25,058 [INFO] Fetched query history for display
2026-01-06 14:04:27,567 [WARNING] Location not found in : St Helens
2026-01-06 14:04:27,567 [INFO] Fetched query history for display
2026-01-06 14:05:34,376 [INFO] Cached Date: 2026-01-06
2026-01-06 14:05:34,377 [INFO] API Handler Initialized.
2026-01-06 14:05:34,377 [INFO] Connecting to API for location Liverpool...
2026-01-06 14:05:35,182 [INFO] | JSON Recieved | Data Present and Formatted Correctly |
2026-01-06 14:05:35,182 [INFO] Success with Key ending in ..9M4B
2026-01-06 14:05:35,185 [INFO] Running Report Menu
2026-01-06 14:05:39,198 [INFO] User selected option 1 in Report Menu
2026-01-06 14:05:39,198 [INFO] Hourly breakdown available for this date, using hourly data
2026-01-06 14:05:39,199 [INFO] Simple Analysis Report Generated
2026-01-06 14:05:42,426 [INFO] Hourly breakdown available for this date, using hourly data
2026-01-06 14:05:42,427 [INFO] Simple Analysis Report Generated
2026-01-06 14:05:43,741 [INFO] Hourly breakdown available for this date, using hourly data
2026-01-06 14:05:43,741 [INFO] Simple Analysis Report Generated
2026-01-06 14:05:46,558 [INFO] Hourly breakdown available for this date, using hourly data
2026-01-06 14:05:46,559 [INFO] Simple Analysis Report Generated
2026-01-06 14:05:46,993 [INFO] Hourly breakdown available for this date, using hourly data
2026-01-06 14:05:46,993 [INFO] Simple Analysis Report Generated
2026-01-06 14:05:48,001 [INFO] Hourly breakdown available for this date, using hourly data
2026-01-06 14:05:48,001 [INFO] Simple Analysis Report Generated
2026-01-06 14:05:48,403 [INFO] Hourly breakdown available for this date, using hourly data
2026-01-06 14:05:48,403 [INFO] Simple Analysis Report Generated
2026-01-06 14:05:48,849 [INFO] Hourly breakdown available for this date, using hourly data
2026-01-06 14:05:48,849 [INFO] Simple Analysis Report Generated
2026-01-06 14:05:49,562 [INFO] Hourly breakdown available for this date, using hourly data
2026-01-06 14:05:49,563 [INFO] Simple Analysis Report Generated
2026-01-06 14:05:49,968 [INFO] Hourly breakdown available for this date, using hourly data
2026-01-06 14:05:49,969 [INFO] Simple Analysis Report Generated
2026-01-06 14:05:50,547 [INFO] Hourly breakdown available for this date, using hourly data
2026-01-06 14:05:50,547 [INFO] Simple Analysis Report Generated
2026-01-06 14:05:51,194 [INFO] Hourly breakdown available for this date, using hourly data
2026-01-06 14:05:51,195 [INFO] Simple Analysis Report Generated
2026-01-06 14:05:51,713 [INFO] Hourly breakdown available for this date, using hourly data
2026-01-06 14:05:51,713 [INFO] Simple Analysis Report Generated
2026-01-06 14:05:52,072 [INFO] Hourly breakdown available for this date, using hourly data
2026-01-06 14:05:52,073 [INFO] Simple Analysis Report Generated
2026-01-06 14:05:52,415 [INFO] Hourly breakdown available for this date, using hourly data
2026-01-06 14:05:52,415 [INFO] Simple Analysis Report Generated
2026-01-06 16:46:11,240 [INFO] Fetched query history for display
2026-01-06 16:46:15,047 [WARNING] Location not found in : 
2026-01-06 16:46:15,047 [INFO] Fetched query history for display
2026-01-06 16:46:18,059 [INFO] Cached Location: Wigan
2026-01-06 16:46:18,059 [INFO] API Handler Initialized.
2026-01-06 16:46:18,059 [INFO] Connecting to API for location Wigan...
2026-01-06 16:46:18,613 [INFO] | JSON Recieved | Data Present and Formatted Correctly |
2026-01-06 16:46:18,613 [INFO] Success with Key ending in ..9M4B
2026-01-06 16:46:18,614 [INFO] Running Report Menu
2026-01-06 16:46:18,615 [WARNING] Invalid input in Report Menu, retrying...
2026-01-06 16:46:23,603 [INFO] User selected option 5 in Report Menu
2026-01-06 16:46:23,603 [INFO] Starting CSV Comparison Function
2026-01-06 16:46:25,803 [INFO] CSV Comparison Completed Successfully
2026-01-06 17:31:08,325 [INFO] Fetched query history for display
2026-01-06 17:31:13,596 [INFO] Cached Location: Wigan
2026-01-06 17:31:13,597 [INFO] API Handler Initialized.
2026-01-06 17:31:13,597 [INFO] Connecting to API for location Wigan...
2026-01-06 17:31:14,153 [INFO] | JSON Recieved | Data Present and Formatted Correctly |
2026-01-06 17:31:14,153 [INFO] Success with Key ending in ..9M4B
2026-01-06 17:31:14,154 [INFO] Running Report Menu
2026-01-06 17:31:15,124 [INFO] User selected option 1 in Report Menu
2026-01-06 17:31:15,125 [INFO] Hourly breakdown available for this date, using hourly data
2026-01-06 17:31:15,125 [INFO] Simple Analysis Report Generated
2026-01-06 17:35:14,111 [INFO] Fetched query history for display
2026-01-06 17:35:21,597 [INFO] Fetched query history for display
2026-01-06 17:35:24,956 [INFO] Cached Location: Wigan
2026-01-06 17:35:24,956 [INFO] API Handler Initialized.
2026-01-06 17:35:24,956 [INFO] Connecting to API for location Wigan...
2026-01-06 17:35:25,499 [INFO] | JSON Recieved | Data Present and Formatted Correctly |
2026-01-06 17:35:25,499 [INFO] Success with Key ending in ..9M4B
2026-01-06 17:35:25,500 [INFO] Running Report Menu
2026-01-06 17:35:27,388 [INFO] User selected option 1 in Report Menu
2026-01-06 17:35:27,388 [INFO] Hourly breakdown available for this date, using hourly data
2026-01-06 17:35:27,388 [INFO] Simple Analysis Report Generated
2026-01-06 17:37:24,811 [INFO] Fetched query history for display
2026-01-06 17:37:30,567 [INFO] Cached Location: Wigan
2026-01-06 17:37:30,567 [INFO] API Handler Initialized.
2026-01-06 17:37:30,567 [INFO] Connecting to API for location Wigan...
2026-01-06 17:37:31,115 [INFO] | JSON Recieved | Data Present and Formatted Correctly |
2026-01-06 17:37:31,116 [INFO] Success with Key ending in ..9M4B
2026-01-06 17:37:31,117 [INFO] Running Report Menu
2026-01-06 17:37:34,255 [INFO] User selected option 1 in Report Menu
2026-01-06 17:37:34,255 [INFO] Hourly breakdown available for this date, using hourly data
2026-01-06 17:37:34,256 [INFO] Simple Analysis Report Generated
2026-01-06 17:39:28,434 [INFO] User selected option 2 in Report Menu
2026-01-06 17:40:33,113 [INFO] Fetched query history for display
2026-01-06 17:40:36,124 [INFO] Cached Location: Wigan
2026-01-06 17:40:36,124 [INFO] API Handler Initialized.
2026-01-06 17:40:36,124 [INFO] Connecting to API for location Wigan...
2026-01-06 17:40:36,682 [INFO] | JSON Recieved | Data Present and Formatted Correctly |
2026-01-06 17:40:36,682 [INFO] Success with Key ending in ..9M4B
2026-01-06 17:40:36,683 [INFO] Running Report Menu
2026-01-06 17:40:37,932 [INFO] User selected option 2 in Report Menu
2026-01-06 17:41:11,793 [INFO] Fetched query history for display
2026-01-06 17:41:14,125 [INFO] Cached Location: Wigan
2026-01-06 17:41:14,125 [INFO] API Handler Initialized.
2026-01-06 17:41:14,125 [INFO] Connecting to API for location Wigan...
2026-01-06 17:41:14,619 [INFO] | JSON Recieved | Data Present and Formatted Correctly |
2026-01-06 17:41:14,619 [INFO] Success with Key ending in ..9M4B
2026-01-06 17:41:14,620 [INFO] Running Report Menu
2026-01-06 17:41:15,781 [INFO] User selected option 2 in Report Menu
2026-01-06 17:41:38,366 [INFO] Fetched query history for display
2026-01-06 17:41:41,518 [INFO] Cached Location: Wigan
2026-01-06 17:41:41,518 [INFO] API Handler Initialized.
2026-01-06 17:41:41,518 [INFO] Connecting to API for location Wigan...
2026-01-06 17:41:42,034 [INFO] | JSON Recieved | Data Present and Formatted Correctly |
2026-01-06 17:41:42,034 [INFO] Success with Key ending in ..9M4B
2026-01-06 17:41:42,035 [INFO] Running Report Menu
2026-01-06 17:41:44,117 [INFO] User selected option 1 in Report Menu
2026-01-06 17:41:54,805 [INFO] Fetched query history for display
2026-01-06 17:42:02,566 [INFO] Cached Location: wigan
2026-01-06 17:42:02,566 [INFO] API Handler Initialized.
2026-01-06 17:42:02,566 [INFO] Connecting to API for location wigan...
2026-01-06 17:42:03,055 [INFO] | JSON Recieved | Data Present and Formatted Correctly |
2026-01-06 17:42:03,055 [INFO] Success with Key ending in ..9M4B
2026-01-06 17:42:03,056 [INFO] Running Report Menu
2026-01-06 17:42:03,598 [INFO] User selected option 1 in Report Menu
2026-01-06 17:42:03,598 [INFO] Hourly breakdown available for this date, using hourly data
2026-01-06 17:42:03,598 [INFO] Simple Analysis Report Generated
2026-01-06 18:00:25,040 [INFO] Fetched query history for display
2026-01-06 18:00:28,331 [INFO] Cached Location: Wigan
2026-01-06 18:00:28,331 [INFO] API Handler Initialized.
2026-01-06 18:00:28,331 [INFO] Connecting to API for location Wigan...
2026-01-06 18:00:28,840 [INFO] | JSON Recieved | Data Present and Formatted Correctly |
2026-01-06 18:00:28,840 [INFO] Success with Key ending in ..9M4B
2026-01-06 18:00:28,841 [INFO] Running Report Menu
2026-01-06 18:00:29,498 [INFO] User selected option 1 in Report Menu
2026-01-06 18:06:50,304 [INFO] Fetched query history for display
2026-01-06 18:06:52,838 [INFO] Cached Location: Wigan
2026-01-06 18:06:52,838 [INFO] API Handler Initialized.
2026-01-06 18:06:52,838 [INFO] Connecting to API for location Wigan...
2026-01-06 18:06:53,353 [INFO] | JSON Recieved | Data Present and Formatted Correctly |
2026-01-06 18:06:53,353 [INFO] Success with Key ending in ..9M4B
2026-01-06 18:06:53,354 [INFO] Running Report Menu
2026-01-06 18:06:53,934 [INFO] User selected option 1 in Report Menu
2026-01-06 18:06:53,935 [INFO] Hourly breakdown available for this date, using hourly data
2026-01-06 18:06:53,935 [INFO] Simple Analysis Report Generated
2026-01-06 18:07:30,292 [INFO] Fetched query history for display
2026-01-06 18:07:33,303 [INFO] Cached Location: Wigan
2026-01-06 18:07:33,303 [INFO] API Handler Initialized.
2026-01-06 18:07:33,303 [INFO] Connecting to API for location Wigan...
2026-01-06 18:07:33,817 [INFO] | JSON Recieved | Data Present and Formatted Correctly |
2026-01-06 18:07:33,817 [INFO] Success with Key ending in ..9M4B
2026-01-06 18:07:33,818 [INFO] Running Report Menu
2026-01-06 18:07:34,423 [INFO] User selected option 1 in Report Menu
2026-01-06 18:07:34,423 [INFO] Hourly breakdown available for this date, using hourly data
2026-01-06 18:07:34,423 [INFO] Simple Analysis Report Generated
2026-01-06 18:08:26,160 [INFO] Fetched query history for display
2026-01-06 18:08:28,184 [INFO] Cached Location: Wigan
2026-01-06 18:08:28,185 [INFO] API Handler Initialized.
2026-01-06 18:08:28,185 [INFO] Connecting to API for location Wigan...
2026-01-06 18:08:28,713 [INFO] | JSON Recieved | Data Present and Formatted Correctly |
2026-01-06 18:08:28,713 [INFO] Success with Key ending in ..9M4B
2026-01-06 18:08:28,714 [INFO] Running Report Menu
2026-01-06 18:08:29,169 [INFO] User selected option 1 in Report Menu
2026-01-06 18:08:29,169 [INFO] Hourly breakdown available for this date, using hourly data
2026-01-06 18:08:29,169 [INFO] Simple Analysis Report Generated
2026-01-06 18:08:33,111 [INFO] Fetched query history for display
2026-01-06 18:08:36,881 [INFO] Cached Location: Wigan
2026-01-06 18:08:36,881 [INFO] API Handler Initialized.
2026-01-06 18:08:36,881 [INFO] Connecting to API for location Wigan...
2026-01-06 18:08:37,711 [INFO] | JSON Recieved | Data Present and Formatted Correctly |
2026-01-06 18:08:37,711 [INFO] Success with Key ending in ..9M4B
2026-01-06 18:08:37,712 [INFO] Running Report Menu
2026-01-06 18:08:39,817 [INFO] User selected option 1 in Report Menu
2026-01-06 18:08:39,818 [INFO] Hourly breakdown available for this date, using hourly data
2026-01-06 18:08:39,818 [INFO] Simple Analysis Report Generated
2026-01-06 18:09:31,222 [INFO] Fetched query history for display
2026-01-06 18:09:33,386 [INFO] Cached Location: Wigan
2026-01-06 18:09:33,386 [INFO] API Handler Initialized.
2026-01-06 18:09:33,386 [INFO] Connecting to API for location Wigan...
2026-01-06 18:09:33,906 [INFO] | JSON Recieved | Data Present and Formatted Correctly |
2026-01-06 18:09:33,906 [INFO] Success with Key ending in ..9M4B
2026-01-06 18:09:33,907 [INFO] Running Report Menu
2026-01-06 18:09:34,619 [INFO] User selected option 1 in Report Menu
2026-01-06 18:09:34,619 [INFO] Hourly breakdown available for this date, using hourly data
2026-01-06 18:09:34,619 [INFO] Simple Analysis Report Generated
2026-01-06 18:11:06,235 [INFO] Fetched query history for display
2026-01-06 18:11:08,317 [INFO] Cached Location: Wigan
2026-01-06 18:11:08,317 [INFO] API Handler Initialized.
2026-01-06 18:11:08,317 [INFO] Connecting to API for location Wigan...
2026-01-06 18:11:08,875 [INFO] | JSON Recieved | Data Present and Formatted Correctly |
2026-01-06 18:11:08,875 [INFO] Success with Key ending in ..9M4B
2026-01-06 18:11:08,876 [INFO] Running Report Menu
2026-01-06 18:11:09,309 [INFO] User selected option 1 in Report Menu
2026-01-06 18:11:09,309 [INFO] Hourly breakdown available for this date, using hourly data
2026-01-06 18:11:09,309 [INFO] Simple Analysis Report Generated
2026-01-06 18:11:24,493 [INFO] Fetched query history for display
2026-01-06 18:11:26,797 [INFO] Cached Location: Wigan
2026-01-06 18:11:26,798 [INFO] API Handler Initialized.
2026-01-06 18:11:26,798 [INFO] Connecting to API for location Wigan...
2026-01-06 18:11:27,310 [INFO] | JSON Recieved | Data Present and Formatted Correctly |
2026-01-06 18:11:27,310 [INFO] Success with Key ending in ..9M4B
2026-01-06 18:11:27,311 [INFO] Running Report Menu
2026-01-06 18:11:27,734 [INFO] User selected option 1 in Report Menu
2026-01-06 18:11:27,734 [INFO] Hourly breakdown available for this date, using hourly data
2026-01-06 18:11:27,734 [INFO] Simple Analysis Report Generated
2026-01-06 18:13:32,284 [INFO] Fetched query history for display
2026-01-06 18:13:34,569 [INFO] Cached Location: Wigan
2026-01-06 18:13:34,569 [INFO] API Handler Initialized.
2026-01-06 18:13:34,569 [INFO] Connecting to API for location Wigan...
2026-01-06 18:13:35,090 [INFO] | JSON Recieved | Data Present and Formatted Correctly |
2026-01-06 18:13:35,090 [INFO] Success with Key ending in ..9M4B
2026-01-06 18:13:35,091 [INFO] Running Report Menu
2026-01-06 18:13:36,425 [INFO] User selected option 1 in Report Menu
2026-01-06 18:13:36,425 [INFO] Hourly breakdown available for this date, using hourly data
2026-01-06 18:13:36,425 [INFO] Simple Analysis Report Generated
2026-01-06 18:14:18,650 [INFO] User selected option 2 in Report Menu
2026-01-06 18:16:52,433 [INFO] Fetched query history for display
2026-01-06 18:16:54,670 [INFO] Cached Location: Wigan
2026-01-06 18:16:54,671 [INFO] API Handler Initialized.
2026-01-06 18:16:54,671 [INFO] Connecting to API for location Wigan...
2026-01-06 18:16:55,235 [INFO] | JSON Recieved | Data Present and Formatted Correctly |
2026-01-06 18:16:55,235 [INFO] Success with Key ending in ..9M4B
2026-01-06 18:16:55,235 [INFO] Running Report Menu
2026-01-06 18:16:55,998 [INFO] User selected option 1 in Report Menu
2026-01-06 18:16:55,999 [INFO] Hourly breakdown available for this date, using hourly data
2026-01-06 18:16:55,999 [INFO] Simple Analysis Report Generated
2026-01-06 18:17:00,695 [INFO] User selected option 2 in Report Menu
2026-01-06 18:17:00,695 [INFO] Detailed Table Report Generated
2026-01-06 18:17:40,574 [INFO] Fetched query history for display
2026-01-06 18:17:44,288 [INFO] Cached Location: Wigan
2026-01-06 18:17:44,288 [INFO] API Handler Initialized.
2026-01-06 18:17:44,288 [INFO] Connecting to API for location Wigan...
2026-01-06 18:17:44,785 [INFO] | JSON Recieved | Data Present and Formatted Correctly |
2026-01-06 18:17:44,785 [INFO] Success with Key ending in ..9M4B
2026-01-06 18:17:44,786 [INFO] Running Report Menu
2026-01-06 18:17:45,704 [INFO] User selected option 1 in Report Menu
2026-01-06 18:17:45,704 [INFO] Hourly breakdown available for this date, using hourly data
2026-01-06 18:17:45,704 [INFO] Simple Analysis Report Generated
2026-01-06 18:17:59,448 [INFO] User selected option 2 in Report Menu
2026-01-06 18:17:59,449 [INFO] Detailed Table Report Generated
2026-01-06 18:18:50,766 [INFO] Fetched query history for display
2026-01-06 18:18:53,090 [INFO] Cached Location: Wigan
2026-01-06 18:18:53,090 [INFO] API Handler Initialized.
2026-01-06 18:18:53,090 [INFO] Connecting to API for location Wigan...
2026-01-06 18:18:53,632 [INFO] | JSON Recieved | Data Present and Formatted Correctly |
2026-01-06 18:18:53,632 [INFO] Success with Key ending in ..9M4B
2026-01-06 18:18:53,633 [INFO] Running Report Menu
2026-01-06 18:18:55,626 [INFO] User selected option 1 in Report Menu
2026-01-06 18:18:55,626 [INFO] Hourly breakdown available for this date, using hourly data
2026-01-06 18:18:55,626 [INFO] Simple Analysis Report Generated
2026-01-06 18:19:10,113 [INFO] Fetched query history for display
2026-01-06 18:19:17,027 [INFO] Cached Location: Wigan
2026-01-06 18:19:17,027 [INFO] API Handler Initialized.
2026-01-06 18:19:17,027 [INFO] Connecting to API for location Wigan...
2026-01-06 18:19:17,654 [INFO] | JSON Recieved | Data Present and Formatted Correctly |
2026-01-06 18:19:17,654 [INFO] Success with Key ending in ..9M4B
2026-01-06 18:19:17,655 [INFO] Running Report Menu
2026-01-06 18:19:21,946 [INFO] User selected option 1 in Report Menu
2026-01-06 18:19:21,947 [INFO] Hourly breakdown available for this date, using hourly data
2026-01-06 18:19:21,947 [INFO] Simple Analysis Report Generated
2026-01-06 18:19:29,771 [INFO] User selected option 2 in Report Menu
2026-01-06 18:19:29,771 [INFO] Detailed Table Report Generated
2026-01-06 18:20:19,249 [INFO] Fetched query history for display
2026-01-06 18:20:22,980 [INFO] Cached Location: Wigan
2026-01-06 18:20:22,980 [INFO] API Handler Initialized.
2026-01-06 18:20:22,981 [INFO] Connecting to API for location Wigan...
2026-01-06 18:20:23,516 [INFO] | JSON Recieved | Data Present and Formatted Correctly |
2026-01-06 18:20:23,516 [INFO] Success with Key ending in ..9M4B
2026-01-06 18:20:23,518 [INFO] Running Report Menu
2026-01-06 18:20:24,428 [INFO] User selected option 1 in Report Menu
2026-01-06 18:20:24,428 [INFO] Hourly breakdown available for this date, using hourly data
2026-01-06 18:20:24,428 [INFO] Simple Analysis Report Generated
2026-01-06 18:20:29,028 [INFO] User selected option 2 in Report Menu
2026-01-06 18:20:29,029 [INFO] Detailed Table Report Generated
2026-01-06 18:20:32,605 [INFO] User selected option 3 in Report Menu
2026-01-06 18:20:32,605 [INFO] Validated and saved to reporting.csv
2026-01-06 18:20:32,605 [INFO] Validated and saved to reporting.json
2026-01-06 18:20:32,605 [INFO] Validated and saved to reporting.txt
2026-01-06 18:21:38,655 [INFO] Fetched query history for display
2026-01-06 18:21:40,702 [INFO] Cached Location: Wigan
2026-01-06 18:21:40,702 [INFO] API Handler Initialized.
2026-01-06 18:21:40,703 [INFO] Connecting to API for location Wigan...
2026-01-06 18:21:41,247 [INFO] | JSON Recieved | Data Present and Formatted Correctly |
2026-01-06 18:21:41,247 [INFO] Success with Key ending in ..9M4B
2026-01-06 18:21:41,248 [INFO] Running Report Menu
2026-01-06 18:21:42,150 [INFO] User selected option 1 in Report Menu
2026-01-06 18:21:42,151 [INFO] Hourly breakdown available for this date, using hourly data
2026-01-06 18:21:42,151 [INFO] Simple Analysis Report Generated
2026-01-06 18:21:43,342 [INFO] User selected option 2 in Report Menu
2026-01-06 18:21:43,343 [INFO] Detailed Table Report Generated
2026-01-06 18:21:45,214 [INFO] User selected option 3 in Report Menu
2026-01-06 18:21:45,215 [INFO] Validated and saved to reporting.csv
2026-01-06 18:21:45,215 [INFO] Validated and saved to reporting.json
2026-01-06 18:21:45,215 [INFO] Validated and saved to reporting.txt
2026-01-06 18:23:32,647 [INFO] Fetched query history for display
2026-01-06 18:23:34,729 [INFO] Cached Location: Wigan
2026-01-06 18:23:34,729 [INFO] API Handler Initialized.
2026-01-06 18:23:34,730 [INFO] Connecting to API for location Wigan...
2026-01-06 18:23:35,258 [INFO] | JSON Recieved | Data Present and Formatted Correctly |
2026-01-06 18:23:35,258 [INFO] Success with Key ending in ..9M4B
2026-01-06 18:23:35,259 [INFO] Running Report Menu
2026-01-06 18:23:36,649 [INFO] User selected option 1 in Report Menu
2026-01-06 18:23:36,650 [INFO] Hourly breakdown available for this date, using hourly data
2026-01-06 18:23:36,650 [INFO] Simple Analysis Report Generated
2026-01-06 18:23:39,770 [INFO] User selected option 2 in Report Menu
2026-01-06 18:23:39,770 [INFO] Detailed Table Report Generated
2026-01-06 18:23:41,066 [INFO] User selected option 3 in Report Menu
2026-01-06 18:23:51,759 [INFO] Fetched query history for display
2026-01-06 18:23:59,858 [INFO] Cached Location: Wigan
2026-01-06 18:23:59,858 [INFO] API Handler Initialized.
2026-01-06 18:23:59,858 [INFO] Connecting to API for location Wigan...
2026-01-06 18:24:00,378 [INFO] | JSON Recieved | Data Present and Formatted Correctly |
2026-01-06 18:24:00,378 [INFO] Success with Key ending in ..9M4B
2026-01-06 18:24:00,379 [INFO] Running Report Menu
2026-01-06 18:24:01,098 [INFO] User selected option 3 in Report Menu
2026-01-06 18:24:01,098 [INFO] Validated and saved to reporting.csv
2026-01-06 18:24:01,098 [INFO] Validated and saved to reporting.json
2026-01-06 18:24:01,098 [INFO] Validated and saved to reporting.txt
2026-01-06 18:24:37,371 [INFO] Fetched query history for display
2026-01-06 18:24:40,395 [INFO] Cached Location: Wigan
2026-01-06 18:24:40,395 [INFO] API Handler Initialized.
2026-01-06 18:24:40,395 [INFO] Connecting to API for location Wigan...
2026-01-06 18:24:40,939 [INFO] | JSON Recieved | Data Present and Formatted Correctly |
2026-01-06 18:24:40,939 [INFO] Success with Key ending in ..9M4B
2026-01-06 18:24:40,940 [INFO] Running Report Menu
2026-01-06 18:24:46,971 [INFO] User selected option 3 in Report Menu
2026-01-06 18:24:46,972 [INFO] Validated and saved to reporting.csv
2026-01-06 18:24:46,972 [INFO] Validated and saved to reporting.json
2026-01-06 18:24:46,972 [INFO] Validated and saved to reporting.txt
2026-01-06 19:50:29,269 [INFO] Fetched query history for display
2026-01-06 19:50:32,228 [INFO] Cached Location: Wigan
2026-01-06 19:50:32,229 [INFO] API Handler Initialized.
2026-01-06 19:50:32,229 [INFO] Connecting to API for location Wigan...
2026-01-06 19:50:32,809 [INFO] | JSON Recieved | Data Present and Formatted Correctly |
2026-01-06 19:50:32,809 [INFO] Success with Key ending in ..9M4B
2026-01-06 19:50:32,810 [INFO] Running Report Menu
2026-01-06 19:50:33,236 [INFO] User selected option 1 in Report Menu
2026-01-06 19:50:33,236 [INFO] Hourly breakdown available for this date, using hourly data
2026-01-06 19:50:33,237 [INFO] Simple Analysis Report Generated
2026-01-06 19:50:34,604 [INFO] User selected option 2 in Report Menu
2026-01-06 19:50:34,604 [INFO] Detailed Table Report Generated
2026-01-06 19:50:35,604 [INFO] User selected option 3 in Report Menu
2026-01-06 19:50:35,604 [INFO] Validated and saved to reporting.csv
2026-01-06 19:50:35,605 [INFO] Validated and saved to reporting.json
2026-01-06 19:50:35,605 [INFO] Validated and saved to reporting.txt
2026-01-06 19:50:40,132 [INFO] User selected option 5 in Report Menu
2026-01-06 19:50:40,133 [INFO] Starting CSV Comparison Function
2026-01-06 19:53:29,929 [INFO] Fetched query history for display
2026-01-06 19:53:34,089 [INFO] Cached Location: wigan
2026-01-06 19:53:34,090 [INFO] API Handler Initialized.
2026-01-06 19:53:34,090 [INFO] Connecting to API for location wigan...
2026-01-06 19:53:34,649 [INFO] | JSON Recieved | Data Present and Formatted Correctly |
2026-01-06 19:53:34,649 [INFO] Success with Key ending in ..9M4B
2026-01-06 19:53:34,650 [INFO] Running Report Menu
2026-01-06 19:53:35,737 [INFO] User selected option 1 in Report Menu
2026-01-06 19:53:35,738 [INFO] Hourly breakdown available for this date, using hourly data
2026-01-06 19:53:35,738 [INFO] Simple Analysis Report Generated
2026-01-06 19:53:37,625 [INFO] User selected option 3 in Report Menu
2026-01-06 19:53:37,626 [INFO] Validated and saved to reporting.csv
2026-01-06 19:53:37,626 [INFO] Validated and saved to reporting.json
2026-01-06 19:53:37,627 [INFO] Validated and saved to reporting.txt
2026-01-06 19:53:42,457 [INFO] User selected option 4 in Report Menu
2026-01-06 19:53:42,458 [INFO] Fetched query history for display
2026-01-06 19:53:45,634 [INFO] Cached Location: london
2026-01-06 19:53:45,634 [INFO] API Handler Initialized.
2026-01-06 19:53:45,634 [INFO] Connecting to API for location london...
2026-01-06 19:53:46,152 [INFO] | JSON Recieved | Data Present and Formatted Correctly |
2026-01-06 19:53:46,152 [INFO] Success with Key ending in ..9M4B
2026-01-06 19:53:46,154 [INFO] Running Report Menu
2026-01-06 19:53:47,489 [INFO] User selected option 1 in Report Menu
2026-01-06 19:53:47,490 [INFO] Hourly breakdown available for this date, using hourly data
2026-01-06 19:53:47,490 [INFO] Simple Analysis Report Generated
2026-01-06 19:53:49,946 [INFO] User selected option 3 in Report Menu
2026-01-06 19:53:49,946 [INFO] Validated and saved to reporting.csv
2026-01-06 19:53:49,946 [INFO] Validated and saved to reporting.json
2026-01-06 19:53:49,946 [INFO] Validated and saved to reporting.txt
2026-01-06 19:53:54,417 [INFO] User selected option 4 in Report Menu
2026-01-06 19:53:54,418 [INFO] Fetched query history for display
2026-01-06 19:54:00,915 [INFO] Cached Location: Liverpool
2026-01-06 19:54:00,915 [INFO] Cached Date: 2022-12-12
2026-01-06 19:54:00,915 [INFO] API Handler Initialized.
2026-01-06 19:54:00,916 [INFO] Connecting to API for location Liverpool...
2026-01-06 19:54:01,433 [WARNING] Attempt with key ..9M4B failed: 429 Client Error:  for url: https://weather.visualcrossing.com/VisualCrossingWebServices/rest/services/timeline/Liverpool/2022-12-12?key=247BUSAAULFLBGWM7NVZ49M4B&include=hours
2026-01-06 19:54:01,434 [INFO] Connecting to API for location Liverpool...
2026-01-06 19:54:01,956 [WARNING] Attempt with key ..C8MM failed: 429 Client Error:  for url: https://weather.visualcrossing.com/VisualCrossingWebServices/rest/services/timeline/Liverpool/2022-12-12?key=U4QN48S3UU3XJ2C3LAK6TC8MM&include=hours
2026-01-06 19:54:01,957 [CRITICAL] All API keys failed. Returning to Main.
2026-01-06 19:54:01,957 [WARNING] Data retrieval failed after all API key attempts.
2026-01-06 19:54:01,957 [INFO] Fetched query history for display
2026-01-06 19:54:20,587 [INFO] API Handler Initialized.
2026-01-06 19:54:20,587 [INFO] Connecting to API for location Liverpool...
2026-01-06 19:54:21,083 [WARNING] Attempt with key ..9M4B failed: 429 Client Error:  for url: https://weather.visualcrossing.com/VisualCrossingWebServices/rest/services/timeline/Liverpool/2022-12-12?key=247BUSAAULFLBGWM7NVZ49M4B&include=hours
2026-01-06 19:54:21,083 [INFO] Connecting to API for location Liverpool...
2026-01-06 19:54:21,576 [WARNING] Attempt with key ..C8MM failed: 429 Client Error:  for url: https://weather.visualcrossing.com/VisualCrossingWebServices/rest/services/timeline/Liverpool/2022-12-12?key=U4QN48S3UU3XJ2C3LAK6TC8MM&include=hours
2026-01-06 19:54:21,577 [CRITICAL] All API keys failed. Returning to Main.
2026-01-06 19:54:21,577 [WARNING] Data retrieval failed after all API key attempts.
2026-01-06 19:54:21,578 [INFO] Fetched query history for display
2026-01-06 19:54:36,779 [INFO] Cached Date: 2024-12-12
2026-01-06 19:54:36,779 [INFO] API Handler Initialized.
2026-01-06 19:54:36,779 [INFO] Connecting to API for location Liverpool...
2026-01-06 19:54:37,310 [WARNING] Attempt with key ..9M4B failed: 429 Client Error:  for url: https://weather.visualcrossing.com/VisualCrossingWebServices/rest/services/timeline/Liverpool/2024-12-12?key=247BUSAAULFLBGWM7NVZ49M4B&include=hours
2026-01-06 19:54:37,310 [INFO] Connecting to API for location Liverpool...
2026-01-06 19:54:37,803 [WARNING] Attempt with key ..C8MM failed: 429 Client Error:  for url: https://weather.visualcrossing.com/VisualCrossingWebServices/rest/services/timeline/Liverpool/2024-12-12?key=U4QN48S3UU3XJ2C3LAK6TC8MM&include=hours
2026-01-06 19:54:37,803 [CRITICAL] All API keys failed. Returning to Main.
2026-01-06 19:54:37,804 [WARNING] Data retrieval failed after all API key attempts.
2026-01-06 19:54:37,804 [INFO] Fetched query history for display
2026-01-06 19:54:43,875 [INFO] API Handler Initialized.
2026-01-06 19:54:43,875 [INFO] Connecting to API for location Liverpool...
2026-01-06 19:54:44,388 [INFO] | JSON Recieved | Data Present and Formatted Correctly |
2026-01-06 19:54:44,388 [INFO] Success with Key ending in ..9M4B
2026-01-06 19:54:44,389 [INFO] Running Report Menu
2026-01-06 19:54:48,291 [INFO] User selected option 1 in Report Menu
2026-01-06 19:54:48,292 [INFO] Hourly breakdown available for this date, using hourly data
2026-01-06 19:54:48,292 [INFO] Simple Analysis Report Generated
2026-01-06 19:54:49,723 [INFO] User selected option 3 in Report Menu
2026-01-06 19:54:49,723 [INFO] Validated and saved to reporting.csv
2026-01-06 19:54:49,724 [INFO] Validated and saved to reporting.json
2026-01-06 19:54:49,724 [INFO] Validated and saved to reporting.txt
